[2015.12.12-16.17.29:306][  0]Log file open, 12/12/15 16:17:29
[2015.12.12-16.17.29:306][  0]LogInit:Display: Running engine for game: DemoLevel_Resistance
[2015.12.12-16.17.29:306][  0]LogPlatformFile: Not using cached read wrapper
[2015.12.12-16.17.29:306][  0]LogInit:Display: RandInit(146455660) SRandInit(146455661).
[2015.12.12-16.17.29:306][  0]LogTaskGraph: Started task graph with 4 named threads and 7 total threads.
[2015.12.12-16.17.29:306][  0]LogStats: Stats thread started at 0.084766
[2015.12.12-16.17.29:306][  0]LogInit: Version: 4.10.1-2791327+++depot+UE4-Releases+4.10
[2015.12.12-16.17.29:306][  0]LogInit: API Version: 2758231
[2015.12.12-16.17.29:306][  0]LogInit: Compiled (64-bit): Dec  4 2015 19:44:40
[2015.12.12-16.17.29:306][  0]LogInit: Compiled with Visual C++: 19.00.23026.00
[2015.12.12-16.17.29:306][  0]LogInit: Build Configuration: Development
[2015.12.12-16.17.29:306][  0]LogInit: Branch Name: ++depot+UE4-Releases+4.10
[2015.12.12-16.17.29:306][  0]LogInit: Command line: 
[2015.12.12-16.17.29:306][  0]LogInit: Base directory: C:/Program Files/Epic Games/4.10/Engine/Binaries/Win64/
[2015.12.12-16.17.29:306][  0]LogInit: Rocket: 1
[2015.12.12-16.17.29:313][  0]LogInit: Using libcurl 7.41.0
[2015.12.12-16.17.29:313][  0]LogInit:  - built for x86_64-pc-win32
[2015.12.12-16.17.29:313][  0]LogInit:  - supports SSL with WinSSL
[2015.12.12-16.17.29:313][  0]LogInit:  - other features:
[2015.12.12-16.17.29:313][  0]LogInit:      CURL_VERSION_SSL
[2015.12.12-16.17.29:313][  0]LogInit:      CURL_VERSION_IPV6
[2015.12.12-16.17.29:313][  0]LogInit:      CURL_VERSION_ASYNCHDNS
[2015.12.12-16.17.29:313][  0]LogInit:      CURL_VERSION_LARGEFILE
[2015.12.12-16.17.29:313][  0]LogInit:      CURL_VERSION_IDN
[2015.12.12-16.17.29:313][  0]LogInit:  CurlRequestOptions (configurable via config and command line):
[2015.12.12-16.17.29:313][  0]LogInit:  - bVerifyPeer = true  - Libcurl will verify peer certificate
[2015.12.12-16.17.29:313][  0]LogInit:  - bUseHttpProxy = false  - Libcurl will NOT use HTTP proxy
[2015.12.12-16.17.29:313][  0]LogInit:  - bDontReuseConnections = false  - Libcurl will reuse connections
[2015.12.12-16.17.29:313][  0]LogInit:  - CertBundlePath = nullptr  - Libcurl will use whatever was configured at build time.
[2015.12.12-16.17.29:323][  0]LogInit: Presizing for 0 objects not considered by GC, pre-allocating 0 bytes.
[2015.12.12-16.17.29:329][  0]LogInit: Object subsystem initialized
[2015.12.12-16.17.29:334][  0]LogInit: Selected Device Profile: [Windows]
[2015.12.12-16.17.29:334][  0]LogInit: Applying CVar settings loaded from the selected device profile: [Windows]
[2015.12.12-16.17.29:385][  0]LogInit: Computer: LENOVO-PCESTIE
[2015.12.12-16.17.29:385][  0]LogInit: User: Estie
[2015.12.12-16.17.29:385][  0]LogInit: CPU Page size=4096, Cores=4
[2015.12.12-16.17.29:385][  0]LogInit: High frequency timer resolution =2.533204 MHz
[2015.12.12-16.17.29:386][  0]LogMemory: Memory total: Physical=15.9GB (16GB approx)
[2015.12.12-16.17.29:386][  0]LogMemory: Platform Memory Stats for Windows
[2015.12.12-16.17.29:386][  0]LogMemory: Process Physical Memory: 56.07 MB used, 56.07 MB peak
[2015.12.12-16.17.29:386][  0]LogMemory: Process Virtual Memory: 58.83 MB used, 58.83 MB peak
[2015.12.12-16.17.29:386][  0]LogMemory: Physical Memory: 6320.98 MB used, 16296.27 MB total
[2015.12.12-16.17.29:386][  0]LogMemory: Virtual Memory: 383.66 MB used, 134217728.00 MB total
[2015.12.12-16.17.29:428][  0]LogTextLocalizationManager: No specific translations for ('en-GB') exist, so ('en') translations will be used.
[2015.12.12-16.17.29:981][  0]LogD3D11RHI: Found D3D11 adapter 0: NVIDIA GeForce GTX 960M     (Feature Level 11_0)
[2015.12.12-16.17.29:981][  0]LogD3D11RHI: Adapter has 1995MB of dedicated video memory, 0MB of dedicated system memory, and 8148MB of shared system memory, 1 output[s]
[2015.12.12-16.17.29:990][  0]LogD3D11RHI: Found D3D11 adapter 1: Intel(R) HD Graphics 4600 (Feature Level 11_0)
[2015.12.12-16.17.29:990][  0]LogD3D11RHI: Adapter has 112MB of dedicated video memory, 0MB of dedicated system memory, and 8148MB of shared system memory, 0 output[s]
[2015.12.12-16.17.29:991][  0]LogD3D11RHI: Found D3D11 adapter 2: Microsoft Basic Render Driver (Feature Level 11_0)
[2015.12.12-16.17.29:991][  0]LogD3D11RHI: Adapter has 0MB of dedicated video memory, 0MB of dedicated system memory, and 8148MB of shared system memory, 0 output[s]
[2015.12.12-16.17.29:991][  0]LogD3D11RHI: Chosen D3D11 Adapter Id = 0
[2015.12.12-16.17.29:998][  0]LogD3D11RHI: !Direct3DDevice
[2015.12.12-16.17.29:998][  0]LogRHI: Texture pool is 1361 MB (70% of 1945 MB)
[2015.12.12-16.17.30:014][  0]LogD3D11RHI: Async texture creation enabled
[2015.12.12-16.17.30:027][  0]LogShaderCompilers: Guid format shader working directory is 7 characters bigger than the processId version (E:/UnrealProjects/DemoLevel_Resistance/Intermediate/Shaders/WorkingDirectory/12832/).
[2015.12.12-16.17.30:027][  0]LogShaderCompilers: Cleaned the shader compiler working directory 'C:/Users/Estie/AppData/Local/Temp/UnrealShaderWorkingDir/08B150044EFA96AC5661D1BC3E0525F8/'.
[2015.12.12-16.17.30:027][  0]LogShaderCompilers:Display: Using Local Shader Compiler.
[2015.12.12-16.17.31:113][  0]LogTemp:Display: Loaded TP AllDesktopTargetPlatform
[2015.12.12-16.17.31:119][  0]LogTemp:Display: Loaded TP WindowsClientTargetPlatform
[2015.12.12-16.17.31:124][  0]LogTemp:Display: Loaded TP WindowsNoEditorTargetPlatform
[2015.12.12-16.17.31:130][  0]LogTemp:Display: Loaded TP WindowsServerTargetPlatform
[2015.12.12-16.17.31:135][  0]LogTemp:Display: Loaded TP WindowsTargetPlatform
[2015.12.12-16.17.31:139][  0]LogTemp:Display: Loaded TP AndroidTargetPlatform
[2015.12.12-16.17.31:142][  0]LogTemp:Display: Loaded TP Android_ASTCTargetPlatform
[2015.12.12-16.17.31:145][  0]LogTemp:Display: Loaded TP Android_ATCTargetPlatform
[2015.12.12-16.17.31:148][  0]LogTemp:Display: Loaded TP Android_DXTTargetPlatform
[2015.12.12-16.17.31:151][  0]LogTemp:Display: Loaded TP Android_ETC1TargetPlatform
[2015.12.12-16.17.31:154][  0]LogTemp:Display: Loaded TP Android_ETC2TargetPlatform
[2015.12.12-16.17.31:161][  0]LogTemp:Display: Loaded TP Android_MultiTargetPlatform
[2015.12.12-16.17.31:161][  0]LogTemp:Display: Loaded TP Android_PVRTCTargetPlatform
[2015.12.12-16.17.31:162][  0]LogTemp:Display: Loaded TP HTML5TargetPlatform
[2015.12.12-16.17.31:180][  0]LogTemp:Display: Loaded TP IOSTargetPlatform
[2015.12.12-16.17.31:183][  0]LogTemp:Display: Loaded TP LinuxNoEditorTargetPlatform
[2015.12.12-16.17.31:185][  0]LogTemp:Display: Loaded TP LinuxServerTargetPlatform
[2015.12.12-16.17.31:189][  0]LogTemp:Display: Loaded TP LinuxTargetPlatform
[2015.12.12-16.17.31:189][  0]LogTargetPlatformManager:Display: Building Assets For Windows
[2015.12.12-16.17.31:289][  0]LogDerivedDataCache:Display: Max Cache Size: 512 MB
[2015.12.12-16.17.31:340][  0]LogDerivedDataCache: Loaded boot cache 0.05s 44MB C:/Users/Estie/AppData/Local/UnrealEngine/4.10/DerivedDataCache/Boot.ddc.
[2015.12.12-16.17.31:340][  0]LogDerivedDataCache:Display: Loaded Boot cache: C:/Users/Estie/AppData/Local/UnrealEngine/4.10/DerivedDataCache/Boot.ddc
[2015.12.12-16.17.31:340][  0]LogDerivedDataCache: FDerivedDataBackendGraph:  Pak pak cache file E:/UnrealProjects/DemoLevel_Resistance/DerivedDataCache/DDC.ddp not found, will not use a pak cache.
[2015.12.12-16.17.31:340][  0]LogDerivedDataCache: Unable to find inner node Pak for hierarchical cache Hierarchy.
[2015.12.12-16.17.31:340][  0]LogDerivedDataCache: FDerivedDataBackendGraph:  CompressedPak pak cache file E:/UnrealProjects/DemoLevel_Resistance/DerivedDataCache/Compressed.ddp not found, will not use a pak cache.
[2015.12.12-16.17.31:340][  0]LogDerivedDataCache: Unable to find inner node CompressedPak for hierarchical cache Hierarchy.
[2015.12.12-16.17.31:409][  0]LogDerivedDataCache:Display: Pak cache opened for reading ../../../Engine/DerivedDataCache/Compressed.ddp.
[2015.12.12-16.17.31:421][  0]LogDerivedDataCache: Using Local data cache path C:/Users/Estie/AppData/Local/UnrealEngine/Common/DerivedDataCache: Writable
[2015.12.12-16.17.31:645][  0]LogInit: Selected Device Profile: [Windows]
[2015.12.12-16.17.31:648][  0]LogContentStreaming: Texture pool size is 0.000000MB
[2015.12.12-16.17.31:856][  0]LogMeshUtilities: No automatic mesh reduction module available
[2015.12.12-16.17.31:856][  0]LogMeshUtilities: No automatic mesh merging module available
[2015.12.12-16.17.32:284][  0]LogInit: WinSock: version 1.1 (2.2), MaxSocks=32767, MaxUdp=65467
[2015.12.12-16.17.33:212][  0]UdpMessaging: Initializing bridge on interface 0.0.0.0:0 to multicast group 230.0.0.1:6666.
[2015.12.12-16.17.33:314][  0]LogAssetRegistry: FAssetRegistry took 0.0115 seconds to start up
[2015.12.12-16.17.33:545][  0]SourceControl: Info Source control is disabled
[2015.12.12-16.17.33:634][  0]SourceControl: Info Source control is disabled
[2015.12.12-16.17.33:646][  0]SourceControl: Info Source control is disabled
[2015.12.12-16.17.33:657][  0]SourceControl: Info Source control is disabled
[2015.12.12-16.17.34:167][  0]LogObj: 28633 objects as part of root set at end of initial load.
[2015.12.12-16.17.34:167][  0]LogUObjectAllocator: 6099752 out of 0 bytes used by permanent object pool.
[2015.12.12-16.17.34:231][  0]LogEngine: Initializing Engine...
[2015.12.12-16.17.34:235][  0]LogHMD: Can't find Oculus library dev build: is proper Runtime installed? Version: 0.8.0.0
[2015.12.12-16.17.34:236][  0]LogHMD: SteamVR failed to initialize.  Err: 110
[2015.12.12-16.17.34:370][  0]LogAIModule: Creating AISystem for world NewWorld
[2015.12.12-16.17.34:376][  0]LogInit: XAudio2 using 'Speakers (Realtek High Definition Audio)' : 2 channels at 48 kHz using 32 bits per sample (channel mask 0x3)
[2015.12.12-16.17.34:406][  0]LogInit: FAudioDevice initialized.
[2015.12.12-16.17.34:428][  0]LogDerivedDataCache: Saved boot cache 0.02s 44MB C:/Users/Estie/AppData/Local/UnrealEngine/4.10/DerivedDataCache/Boot.ddc.
[2015.12.12-16.17.34:433][  0]LogInit: Texture streaming: Enabled
[2015.12.12-16.17.34:440][  0]LogAnalytics: Creating configured Analytics provider AnalyticsET
[2015.12.12-16.17.34:440][  0]LogAnalytics: [UEEditor.Rocket.Release] APIServer = http://et2.epicgames.com/ET2/. AppVersion = 4.10.1-2791327+++depot+UE4-Releases+4.10
[2015.12.12-16.17.34:440][  0]LogAnalytics: [UEEditor.Rocket.Release] SetUserId 5763478c4119ffd05d1ea3bda714c1ab|41f431be530f4055be1a4e9bc2b0167a|e1a4d797-dabe-47d8-abb0-d6f113469a84
[2015.12.12-16.17.34:440][  0]LogAnalytics: [UEEditor.Rocket.Release] AnalyticsET::StartSession
[2015.12.12-16.17.34:460][  0]LogWindowsTextInputMethodSystem:Display: IME system now deactivated.
[2015.12.12-16.17.34:460][  0]LogWindowsTextInputMethodSystem:Display: IME system now deactivated.
[2015.12.12-16.17.34:482][  0]LogInit: Transaction tracking system initialized
[2015.12.12-16.17.34:521][  0]BlueprintLog: New page: Editor Load
[2015.12.12-16.17.34:976][  0]LocalizationService: Info Localization service is disabled
[2015.12.12-16.17.35:198][  0]LogConsoleResponse:Display: 
[2015.12.12-16.17.35:557][  0]LogFileCache: Scanning file cache for directory 'E:/UnrealProjects/DemoLevel_Resistance/Content/' took 0.01s
[2015.12.12-16.17.35:557][  0]LogCook:Display: Done creating registry. It took  0.00s.
[2015.12.12-16.17.35:637][  0]SourceControl: Info Source control is disabled
[2015.12.12-16.17.37:523][  0]LogFactory: FactoryCreateBinary: PackFactory with PackFactory (0 0 C:/Program Files/Epic Games/4.10/FeaturePacks/StarterContent.upack)
[2015.12.12-16.17.37:942][  0]LogPackFactory: Finished extracting 8 files (including 0 errors).
[2015.12.12-16.17.37:980][  0]LogPackFactory: Copied "../../../Samples/StarterContent/Content/StarterContent/Architecture/Floor_400x400.uasset" to "E:/UnrealProjects/DemoLevel_Resistance/Content/StarterContent/Architecture/Floor_400x400.uasset"
[2015.12.12-16.17.37:986][  0]LogPackFactory: Copied "../../../Samples/StarterContent/Content/StarterContent/Architecture/Pillar_50x500.uasset" to "E:/UnrealProjects/DemoLevel_Resistance/Content/StarterContent/Architecture/Pillar_50x500.uasset"
[2015.12.12-16.17.37:994][  0]LogPackFactory: Copied "../../../Samples/StarterContent/Content/StarterContent/Architecture/SM_AssetPlatform.uasset" to "E:/UnrealProjects/DemoLevel_Resistance/Content/StarterContent/Architecture/SM_AssetPlatform.uasset"
[2015.12.12-16.17.38:002][  0]LogPackFactory: Copied "../../../Samples/StarterContent/Content/StarterContent/Architecture/Wall_400x200.uasset" to "E:/UnrealProjects/DemoLevel_Resistance/Content/StarterContent/Architecture/Wall_400x200.uasset"
[2015.12.12-16.17.38:007][  0]LogPackFactory: Copied "../../../Samples/StarterContent/Content/StarterContent/Architecture/Wall_400x300.uasset" to "E:/UnrealProjects/DemoLevel_Resistance/Content/StarterContent/Architecture/Wall_400x300.uasset"
[2015.12.12-16.17.38:012][  0]LogPackFactory: Copied "../../../Samples/StarterContent/Content/StarterContent/Architecture/Wall_400x400.uasset" to "E:/UnrealProjects/DemoLevel_Resistance/Content/StarterContent/Architecture/Wall_400x400.uasset"
[2015.12.12-16.17.38:018][  0]LogPackFactory: Copied "../../../Samples/StarterContent/Content/StarterContent/Architecture/Wall_500x500.uasset" to "E:/UnrealProjects/DemoLevel_Resistance/Content/StarterContent/Architecture/Wall_500x500.uasset"
[2015.12.12-16.17.38:037][  0]LogPackFactory: Copied "../../../Samples/StarterContent/Content/StarterContent/Architecture/Wall_Door_400x300.uasset" to "E:/UnrealProjects/DemoLevel_Resistance/Content/StarterContent/Architecture/Wall_Door_400x300.uasset"
[2015.12.12-16.17.38:041][  0]LogPackFactory: Copied "../../../Samples/StarterContent/Content/StarterContent/Architecture/Wall_Door_400x400.uasset" to "E:/UnrealProjects/DemoLevel_Resistance/Content/StarterContent/Architecture/Wall_Door_400x400.uasset"
[2015.12.12-16.17.38:046][  0]LogPackFactory: Copied "../../../Samples/StarterContent/Content/StarterContent/Architecture/Wall_Window_400x300.uasset" to "E:/UnrealProjects/DemoLevel_Resistance/Content/StarterContent/Architecture/Wall_Window_400x300.uasset"
[2015.12.12-16.17.38:051][  0]LogPackFactory: Copied "../../../Samples/StarterContent/Content/StarterContent/Architecture/Wall_Window_400x400.uasset" to "E:/UnrealProjects/DemoLevel_Resistance/Content/StarterContent/Architecture/Wall_Window_400x400.uasset"
[2015.12.12-16.17.38:062][  0]LogPackFactory: Copied "../../../Samples/StarterContent/Content/StarterContent/Audio/Collapse01.uasset" to "E:/UnrealProjects/DemoLevel_Resistance/Content/StarterContent/Audio/Collapse01.uasset"
[2015.12.12-16.17.38:069][  0]LogPackFactory: Copied "../../../Samples/StarterContent/Content/StarterContent/Audio/Collapse02.uasset" to "E:/UnrealProjects/DemoLevel_Resistance/Content/StarterContent/Audio/Collapse02.uasset"
[2015.12.12-16.17.38:073][  0]LogPackFactory: Copied "../../../Samples/StarterContent/Content/StarterContent/Audio/Collapse_Cue.uasset" to "E:/UnrealProjects/DemoLevel_Resistance/Content/StarterContent/Audio/Collapse_Cue.uasset"
[2015.12.12-16.17.38:081][  0]LogPackFactory: Copied "../../../Samples/StarterContent/Content/StarterContent/Audio/Explosion01.uasset" to "E:/UnrealProjects/DemoLevel_Resistance/Content/StarterContent/Audio/Explosion01.uasset"
[2015.12.12-16.17.38:094][  0]LogPackFactory: Copied "../../../Samples/StarterContent/Content/StarterContent/Audio/Explosion02.uasset" to "E:/UnrealProjects/DemoLevel_Resistance/Content/StarterContent/Audio/Explosion02.uasset"
[2015.12.12-16.17.38:096][  0]LogPackFactory: Copied "../../../Samples/StarterContent/Content/StarterContent/Audio/Explosion_Cue.uasset" to "E:/UnrealProjects/DemoLevel_Resistance/Content/StarterContent/Audio/Explosion_Cue.uasset"
[2015.12.12-16.17.38:137][  0]LogPackFactory: Copied "../../../Samples/StarterContent/Content/StarterContent/Audio/Fire01.uasset" to "E:/UnrealProjects/DemoLevel_Resistance/Content/StarterContent/Audio/Fire01.uasset"
[2015.12.12-16.17.38:141][  0]LogPackFactory: Copied "../../../Samples/StarterContent/Content/StarterContent/Audio/Fire01_Cue.uasset" to "E:/UnrealProjects/DemoLevel_Resistance/Content/StarterContent/Audio/Fire01_Cue.uasset"
[2015.12.12-16.17.38:150][  0]LogPackFactory: Copied "../../../Samples/StarterContent/Content/StarterContent/Audio/Fire_Sparks01.uasset" to "E:/UnrealProjects/DemoLevel_Resistance/Content/StarterContent/Audio/Fire_Sparks01.uasset"
[2015.12.12-16.17.38:153][  0]LogPackFactory: Copied "../../../Samples/StarterContent/Content/StarterContent/Audio/Fire_Sparks01_Cue.uasset" to "E:/UnrealProjects/DemoLevel_Resistance/Content/StarterContent/Audio/Fire_Sparks01_Cue.uasset"
[2015.12.12-16.17.38:160][  0]LogPackFactory: Copied "../../../Samples/StarterContent/Content/StarterContent/Audio/Light01.uasset" to "E:/UnrealProjects/DemoLevel_Resistance/Content/StarterContent/Audio/Light01.uasset"
[2015.12.12-16.17.38:164][  0]LogPackFactory: Copied "../../../Samples/StarterContent/Content/StarterContent/Audio/Light01_Cue.uasset" to "E:/UnrealProjects/DemoLevel_Resistance/Content/StarterContent/Audio/Light01_Cue.uasset"
[2015.12.12-16.17.38:171][  0]LogPackFactory: Copied "../../../Samples/StarterContent/Content/StarterContent/Audio/Light02.uasset" to "E:/UnrealProjects/DemoLevel_Resistance/Content/StarterContent/Audio/Light02.uasset"
[2015.12.12-16.17.38:173][  0]LogPackFactory: Copied "../../../Samples/StarterContent/Content/StarterContent/Audio/Light02_Cue.uasset" to "E:/UnrealProjects/DemoLevel_Resistance/Content/StarterContent/Audio/Light02_Cue.uasset"
[2015.12.12-16.17.38:181][  0]LogPackFactory: Copied "../../../Samples/StarterContent/Content/StarterContent/Audio/Smoke01.uasset" to "E:/UnrealProjects/DemoLevel_Resistance/Content/StarterContent/Audio/Smoke01.uasset"
[2015.12.12-16.17.38:183][  0]LogPackFactory: Copied "../../../Samples/StarterContent/Content/StarterContent/Audio/Smoke01_Cue.uasset" to "E:/UnrealProjects/DemoLevel_Resistance/Content/StarterContent/Audio/Smoke01_Cue.uasset"
[2015.12.12-16.17.38:187][  0]LogPackFactory: Copied "../../../Samples/StarterContent/Content/StarterContent/Audio/Starter_Background_Cue.uasset" to "E:/UnrealProjects/DemoLevel_Resistance/Content/StarterContent/Audio/Starter_Background_Cue.uasset"
[2015.12.12-16.17.38:209][  0]LogPackFactory: Copied "../../../Samples/StarterContent/Content/StarterContent/Audio/Starter_Birds01.uasset" to "E:/UnrealProjects/DemoLevel_Resistance/Content/StarterContent/Audio/Starter_Birds01.uasset"
[2015.12.12-16.17.38:447][  0]LogPackFactory: Copied "../../../Samples/StarterContent/Content/StarterContent/Audio/Starter_Music01.uasset" to "E:/UnrealProjects/DemoLevel_Resistance/Content/StarterContent/Audio/Starter_Music01.uasset"
[2015.12.12-16.17.38:467][  0]LogPackFactory: Copied "../../../Samples/StarterContent/Content/StarterContent/Audio/Starter_Music_Cue.uasset" to "E:/UnrealProjects/DemoLevel_Resistance/Content/StarterContent/Audio/Starter_Music_Cue.uasset"
[2015.12.12-16.17.38:500][  0]LogPackFactory: Copied "../../../Samples/StarterContent/Content/StarterContent/Audio/Starter_Wind05.uasset" to "E:/UnrealProjects/DemoLevel_Resistance/Content/StarterContent/Audio/Starter_Wind05.uasset"
[2015.12.12-16.17.38:605][  0]LogPackFactory: Copied "../../../Samples/StarterContent/Content/StarterContent/Audio/Starter_Wind06.uasset" to "E:/UnrealProjects/DemoLevel_Resistance/Content/StarterContent/Audio/Starter_Wind06.uasset"
[2015.12.12-16.17.38:615][  0]LogPackFactory: Copied "../../../Samples/StarterContent/Content/StarterContent/Audio/Steam01.uasset" to "E:/UnrealProjects/DemoLevel_Resistance/Content/StarterContent/Audio/Steam01.uasset"
[2015.12.12-16.17.38:633][  0]LogPackFactory: Copied "../../../Samples/StarterContent/Content/StarterContent/Audio/Steam01_Cue.uasset" to "E:/UnrealProjects/DemoLevel_Resistance/Content/StarterContent/Audio/Steam01_Cue.uasset"
[2015.12.12-16.17.38:638][  0]LogPackFactory: Copied "../../../Samples/StarterContent/Content/StarterContent/Blueprints/Blueprint_CeilingLight.uasset" to "E:/UnrealProjects/DemoLevel_Resistance/Content/StarterContent/Blueprints/Blueprint_CeilingLight.uasset"
[2015.12.12-16.17.38:642][  0]LogPackFactory: Copied "../../../Samples/StarterContent/Content/StarterContent/Blueprints/Blueprint_Effect_Explosion.uasset" to "E:/UnrealProjects/DemoLevel_Resistance/Content/StarterContent/Blueprints/Blueprint_Effect_Explosion.uasset"
[2015.12.12-16.17.38:646][  0]LogPackFactory: Copied "../../../Samples/StarterContent/Content/StarterContent/Blueprints/Blueprint_Effect_Fire.uasset" to "E:/UnrealProjects/DemoLevel_Resistance/Content/StarterContent/Blueprints/Blueprint_Effect_Fire.uasset"
[2015.12.12-16.17.38:658][  0]LogPackFactory: Copied "../../../Samples/StarterContent/Content/StarterContent/Blueprints/Blueprint_Effect_Smoke.uasset" to "E:/UnrealProjects/DemoLevel_Resistance/Content/StarterContent/Blueprints/Blueprint_Effect_Smoke.uasset"
[2015.12.12-16.17.38:682][  0]LogPackFactory: Copied "../../../Samples/StarterContent/Content/StarterContent/Blueprints/Blueprint_Effect_Sparks.uasset" to "E:/UnrealProjects/DemoLevel_Resistance/Content/StarterContent/Blueprints/Blueprint_Effect_Sparks.uasset"
[2015.12.12-16.17.38:685][  0]LogPackFactory: Copied "../../../Samples/StarterContent/Content/StarterContent/Blueprints/Blueprint_Effect_Steam.uasset" to "E:/UnrealProjects/DemoLevel_Resistance/Content/StarterContent/Blueprints/Blueprint_Effect_Steam.uasset"
[2015.12.12-16.17.38:690][  0]LogPackFactory: Copied "../../../Samples/StarterContent/Content/StarterContent/Blueprints/Blueprint_WallSconce.uasset" to "E:/UnrealProjects/DemoLevel_Resistance/Content/StarterContent/Blueprints/Blueprint_WallSconce.uasset"
[2015.12.12-16.17.38:705][  0]LogPackFactory: Copied "../../../Samples/StarterContent/Content/StarterContent/Blueprints/BP_LightStudio.uasset" to "E:/UnrealProjects/DemoLevel_Resistance/Content/StarterContent/Blueprints/BP_LightStudio.uasset"
[2015.12.12-16.17.38:735][  0]LogPackFactory: Copied "../../../Samples/StarterContent/Content/StarterContent/Blueprints/Assets/FogBrightnessLUT.uasset" to "E:/UnrealProjects/DemoLevel_Resistance/Content/StarterContent/Blueprints/Assets/FogBrightnessLUT.uasset"
[2015.12.12-16.17.38:740][  0]LogPackFactory: Copied "../../../Samples/StarterContent/Content/StarterContent/Blueprints/Assets/M_LightStage_Arrows.uasset" to "E:/UnrealProjects/DemoLevel_Resistance/Content/StarterContent/Blueprints/Assets/M_LightStage_Arrows.uasset"
[2015.12.12-16.17.38:763][  0]LogPackFactory: Copied "../../../Samples/StarterContent/Content/StarterContent/Blueprints/Assets/M_LightStage_Skybox_Black.uasset" to "E:/UnrealProjects/DemoLevel_Resistance/Content/StarterContent/Blueprints/Assets/M_LightStage_Skybox_Black.uasset"
[2015.12.12-16.17.38:773][  0]LogPackFactory: Copied "../../../Samples/StarterContent/Content/StarterContent/Blueprints/Assets/M_LightStage_Skybox_HDRI.uasset" to "E:/UnrealProjects/DemoLevel_Resistance/Content/StarterContent/Blueprints/Assets/M_LightStage_Skybox_HDRI.uasset"
[2015.12.12-16.17.38:777][  0]LogPackFactory: Copied "../../../Samples/StarterContent/Content/StarterContent/Blueprints/Assets/M_LightStage_Skybox_Master.uasset" to "E:/UnrealProjects/DemoLevel_Resistance/Content/StarterContent/Blueprints/Assets/M_LightStage_Skybox_Master.uasset"
[2015.12.12-16.17.38:818][  0]LogPackFactory: Copied "../../../Samples/StarterContent/Content/StarterContent/Blueprints/Assets/Skybox.uasset" to "E:/UnrealProjects/DemoLevel_Resistance/Content/StarterContent/Blueprints/Assets/Skybox.uasset"
[2015.12.12-16.17.38:856][  0]LogPackFactory: Copied "../../../Samples/StarterContent/Content/StarterContent/Blueprints/Assets/SM_Arrows.uasset" to "E:/UnrealProjects/DemoLevel_Resistance/Content/StarterContent/Blueprints/Assets/SM_Arrows.uasset"
[2015.12.12-16.17.38:859][  0]LogPackFactory: Copied "../../../Samples/StarterContent/Content/StarterContent/Blueprints/Assets/SunlightColorLUT.uasset" to "E:/UnrealProjects/DemoLevel_Resistance/Content/StarterContent/Blueprints/Assets/SunlightColorLUT.uasset"
[2015.12.12-16.17.40:104][  0]LogPackFactory: Copied "../../../Samples/StarterContent/Content/StarterContent/HDRI/HDRI_Epic_Courtyard_Daylight.uasset" to "E:/UnrealProjects/DemoLevel_Resistance/Content/StarterContent/HDRI/HDRI_Epic_Courtyard_Daylight.uasset"
[2015.12.12-16.17.40:135][  0]LogPackFactory: Copied "../../../Samples/StarterContent/Content/StarterContent/Maps/Advanced_Lighting.umap" to "E:/UnrealProjects/DemoLevel_Resistance/Content/StarterContent/Maps/Advanced_Lighting.umap"
[2015.12.12-16.17.40:215][  0]LogPackFactory: Copied "../../../Samples/StarterContent/Content/StarterContent/Maps/Minimal_Default.umap" to "E:/UnrealProjects/DemoLevel_Resistance/Content/StarterContent/Maps/Minimal_Default.umap"
[2015.12.12-16.17.40:631][  0]LogPackFactory: Copied "../../../Samples/StarterContent/Content/StarterContent/Maps/StarterMap.umap" to "E:/UnrealProjects/DemoLevel_Resistance/Content/StarterContent/Maps/StarterMap.umap"
[2015.12.12-16.17.40:656][  0]LogPackFactory: Copied "../../../Samples/StarterContent/Content/StarterContent/Materials/M_AssetPlatform.uasset" to "E:/UnrealProjects/DemoLevel_Resistance/Content/StarterContent/Materials/M_AssetPlatform.uasset"
[2015.12.12-16.17.40:660][  0]LogPackFactory: Copied "../../../Samples/StarterContent/Content/StarterContent/Materials/M_Basic_Floor.uasset" to "E:/UnrealProjects/DemoLevel_Resistance/Content/StarterContent/Materials/M_Basic_Floor.uasset"
[2015.12.12-16.17.40:682][  0]LogPackFactory: Copied "../../../Samples/StarterContent/Content/StarterContent/Materials/M_Basic_Wall.uasset" to "E:/UnrealProjects/DemoLevel_Resistance/Content/StarterContent/Materials/M_Basic_Wall.uasset"
[2015.12.12-16.17.40:686][  0]LogPackFactory: Copied "../../../Samples/StarterContent/Content/StarterContent/Materials/M_Brick_Clay_Beveled.uasset" to "E:/UnrealProjects/DemoLevel_Resistance/Content/StarterContent/Materials/M_Brick_Clay_Beveled.uasset"
[2015.12.12-16.17.40:690][  0]LogPackFactory: Copied "../../../Samples/StarterContent/Content/StarterContent/Materials/M_Brick_Clay_New.uasset" to "E:/UnrealProjects/DemoLevel_Resistance/Content/StarterContent/Materials/M_Brick_Clay_New.uasset"
[2015.12.12-16.17.40:700][  0]LogPackFactory: Copied "../../../Samples/StarterContent/Content/StarterContent/Materials/M_Brick_Clay_Old.uasset" to "E:/UnrealProjects/DemoLevel_Resistance/Content/StarterContent/Materials/M_Brick_Clay_Old.uasset"
[2015.12.12-16.17.40:704][  0]LogPackFactory: Copied "../../../Samples/StarterContent/Content/StarterContent/Materials/M_Brick_Cut_Stone.uasset" to "E:/UnrealProjects/DemoLevel_Resistance/Content/StarterContent/Materials/M_Brick_Cut_Stone.uasset"
[2015.12.12-16.17.40:722][  0]LogPackFactory: Copied "../../../Samples/StarterContent/Content/StarterContent/Materials/M_Brick_Hewn_Stone.uasset" to "E:/UnrealProjects/DemoLevel_Resistance/Content/StarterContent/Materials/M_Brick_Hewn_Stone.uasset"
[2015.12.12-16.17.40:743][  0]LogPackFactory: Copied "../../../Samples/StarterContent/Content/StarterContent/Materials/M_Ceramic_Tile_Checker.uasset" to "E:/UnrealProjects/DemoLevel_Resistance/Content/StarterContent/Materials/M_Ceramic_Tile_Checker.uasset"
[2015.12.12-16.17.40:774][  0]LogPackFactory: Copied "../../../Samples/StarterContent/Content/StarterContent/Materials/M_CobbleStone_Pebble.uasset" to "E:/UnrealProjects/DemoLevel_Resistance/Content/StarterContent/Materials/M_CobbleStone_Pebble.uasset"
[2015.12.12-16.17.40:788][  0]LogPackFactory: Copied "../../../Samples/StarterContent/Content/StarterContent/Materials/M_CobbleStone_Rough.uasset" to "E:/UnrealProjects/DemoLevel_Resistance/Content/StarterContent/Materials/M_CobbleStone_Rough.uasset"
[2015.12.12-16.17.40:811][  0]LogPackFactory: Copied "../../../Samples/StarterContent/Content/StarterContent/Materials/M_CobbleStone_Smooth.uasset" to "E:/UnrealProjects/DemoLevel_Resistance/Content/StarterContent/Materials/M_CobbleStone_Smooth.uasset"
[2015.12.12-16.17.40:815][  0]LogPackFactory: Copied "../../../Samples/StarterContent/Content/StarterContent/Materials/M_ColorGrid_LowSpec.uasset" to "E:/UnrealProjects/DemoLevel_Resistance/Content/StarterContent/Materials/M_ColorGrid_LowSpec.uasset"
[2015.12.12-16.17.40:888][  0]LogPackFactory: Copied "../../../Samples/StarterContent/Content/StarterContent/Materials/M_Concrete_Grime.uasset" to "E:/UnrealProjects/DemoLevel_Resistance/Content/StarterContent/Materials/M_Concrete_Grime.uasset"
[2015.12.12-16.17.40:892][  0]LogPackFactory: Copied "../../../Samples/StarterContent/Content/StarterContent/Materials/M_Concrete_Panels.uasset" to "E:/UnrealProjects/DemoLevel_Resistance/Content/StarterContent/Materials/M_Concrete_Panels.uasset"
[2015.12.12-16.17.40:897][  0]LogPackFactory: Copied "../../../Samples/StarterContent/Content/StarterContent/Materials/M_Concrete_Poured.uasset" to "E:/UnrealProjects/DemoLevel_Resistance/Content/StarterContent/Materials/M_Concrete_Poured.uasset"
[2015.12.12-16.17.40:914][  0]LogPackFactory: Copied "../../../Samples/StarterContent/Content/StarterContent/Materials/M_Concrete_Tiles.uasset" to "E:/UnrealProjects/DemoLevel_Resistance/Content/StarterContent/Materials/M_Concrete_Tiles.uasset"
[2015.12.12-16.17.40:919][  0]LogPackFactory: Copied "../../../Samples/StarterContent/Content/StarterContent/Materials/M_Glass.uasset" to "E:/UnrealProjects/DemoLevel_Resistance/Content/StarterContent/Materials/M_Glass.uasset"
[2015.12.12-16.17.40:925][  0]LogPackFactory: Copied "../../../Samples/StarterContent/Content/StarterContent/Materials/M_Ground_Grass.uasset" to "E:/UnrealProjects/DemoLevel_Resistance/Content/StarterContent/Materials/M_Ground_Grass.uasset"
[2015.12.12-16.17.40:931][  0]LogPackFactory: Copied "../../../Samples/StarterContent/Content/StarterContent/Materials/M_Ground_Gravel.uasset" to "E:/UnrealProjects/DemoLevel_Resistance/Content/StarterContent/Materials/M_Ground_Gravel.uasset"
[2015.12.12-16.17.40:950][  0]LogPackFactory: Copied "../../../Samples/StarterContent/Content/StarterContent/Materials/M_Ground_Moss.uasset" to "E:/UnrealProjects/DemoLevel_Resistance/Content/StarterContent/Materials/M_Ground_Moss.uasset"
[2015.12.12-16.17.40:954][  0]LogPackFactory: Copied "../../../Samples/StarterContent/Content/StarterContent/Materials/M_Metal_Brushed_Nickel.uasset" to "E:/UnrealProjects/DemoLevel_Resistance/Content/StarterContent/Materials/M_Metal_Brushed_Nickel.uasset"
[2015.12.12-16.17.40:958][  0]LogPackFactory: Copied "../../../Samples/StarterContent/Content/StarterContent/Materials/M_Metal_Burnished_Steel.uasset" to "E:/UnrealProjects/DemoLevel_Resistance/Content/StarterContent/Materials/M_Metal_Burnished_Steel.uasset"
[2015.12.12-16.17.40:962][  0]LogPackFactory: Copied "../../../Samples/StarterContent/Content/StarterContent/Materials/M_Metal_Chrome.uasset" to "E:/UnrealProjects/DemoLevel_Resistance/Content/StarterContent/Materials/M_Metal_Chrome.uasset"
[2015.12.12-16.17.40:966][  0]LogPackFactory: Copied "../../../Samples/StarterContent/Content/StarterContent/Materials/M_Metal_Copper.uasset" to "E:/UnrealProjects/DemoLevel_Resistance/Content/StarterContent/Materials/M_Metal_Copper.uasset"
[2015.12.12-16.17.40:970][  0]LogPackFactory: Copied "../../../Samples/StarterContent/Content/StarterContent/Materials/M_Metal_Gold.uasset" to "E:/UnrealProjects/DemoLevel_Resistance/Content/StarterContent/Materials/M_Metal_Gold.uasset"
[2015.12.12-16.17.40:975][  0]LogPackFactory: Copied "../../../Samples/StarterContent/Content/StarterContent/Materials/M_Metal_Rust.uasset" to "E:/UnrealProjects/DemoLevel_Resistance/Content/StarterContent/Materials/M_Metal_Rust.uasset"
[2015.12.12-16.17.40:980][  0]LogPackFactory: Copied "../../../Samples/StarterContent/Content/StarterContent/Materials/M_Metal_Steel.uasset" to "E:/UnrealProjects/DemoLevel_Resistance/Content/StarterContent/Materials/M_Metal_Steel.uasset"
[2015.12.12-16.17.40:984][  0]LogPackFactory: Copied "../../../Samples/StarterContent/Content/StarterContent/Materials/M_Rock_Basalt.uasset" to "E:/UnrealProjects/DemoLevel_Resistance/Content/StarterContent/Materials/M_Rock_Basalt.uasset"
[2015.12.12-16.17.40:989][  0]LogPackFactory: Copied "../../../Samples/StarterContent/Content/StarterContent/Materials/M_Rock_Marble_Polished.uasset" to "E:/UnrealProjects/DemoLevel_Resistance/Content/StarterContent/Materials/M_Rock_Marble_Polished.uasset"
[2015.12.12-16.17.40:993][  0]LogPackFactory: Copied "../../../Samples/StarterContent/Content/StarterContent/Materials/M_Rock_Sandstone.uasset" to "E:/UnrealProjects/DemoLevel_Resistance/Content/StarterContent/Materials/M_Rock_Sandstone.uasset"
[2015.12.12-16.17.40:999][  0]LogPackFactory: Copied "../../../Samples/StarterContent/Content/StarterContent/Materials/M_Rock_Slate.uasset" to "E:/UnrealProjects/DemoLevel_Resistance/Content/StarterContent/Materials/M_Rock_Slate.uasset"
[2015.12.12-16.17.41:003][  0]LogPackFactory: Copied "../../../Samples/StarterContent/Content/StarterContent/Materials/M_Tech_Checker_Dot.uasset" to "E:/UnrealProjects/DemoLevel_Resistance/Content/StarterContent/Materials/M_Tech_Checker_Dot.uasset"
[2015.12.12-16.17.41:008][  0]LogPackFactory: Copied "../../../Samples/StarterContent/Content/StarterContent/Materials/M_Tech_Hex_Tile.uasset" to "E:/UnrealProjects/DemoLevel_Resistance/Content/StarterContent/Materials/M_Tech_Hex_Tile.uasset"
[2015.12.12-16.17.41:012][  0]LogPackFactory: Copied "../../../Samples/StarterContent/Content/StarterContent/Materials/M_Tech_Hex_Tile_Pulse.uasset" to "E:/UnrealProjects/DemoLevel_Resistance/Content/StarterContent/Materials/M_Tech_Hex_Tile_Pulse.uasset"
[2015.12.12-16.17.41:016][  0]LogPackFactory: Copied "../../../Samples/StarterContent/Content/StarterContent/Materials/M_Tech_Panel.uasset" to "E:/UnrealProjects/DemoLevel_Resistance/Content/StarterContent/Materials/M_Tech_Panel.uasset"
[2015.12.12-16.17.41:019][  0]LogPackFactory: Copied "../../../Samples/StarterContent/Content/StarterContent/Materials/M_Water_Lake.uasset" to "E:/UnrealProjects/DemoLevel_Resistance/Content/StarterContent/Materials/M_Water_Lake.uasset"
[2015.12.12-16.17.41:024][  0]LogPackFactory: Copied "../../../Samples/StarterContent/Content/StarterContent/Materials/M_Water_Ocean.uasset" to "E:/UnrealProjects/DemoLevel_Resistance/Content/StarterContent/Materials/M_Water_Ocean.uasset"
[2015.12.12-16.17.41:029][  0]LogPackFactory: Copied "../../../Samples/StarterContent/Content/StarterContent/Materials/M_Wood_Floor_Walnut_Polished.uasset" to "E:/UnrealProjects/DemoLevel_Resistance/Content/StarterContent/Materials/M_Wood_Floor_Walnut_Polished.uasset"
[2015.12.12-16.17.41:033][  0]LogPackFactory: Copied "../../../Samples/StarterContent/Content/StarterContent/Materials/M_Wood_Floor_Walnut_Worn.uasset" to "E:/UnrealProjects/DemoLevel_Resistance/Content/StarterContent/Materials/M_Wood_Floor_Walnut_Worn.uasset"
[2015.12.12-16.17.41:038][  0]LogPackFactory: Copied "../../../Samples/StarterContent/Content/StarterContent/Materials/M_Wood_Oak.uasset" to "E:/UnrealProjects/DemoLevel_Resistance/Content/StarterContent/Materials/M_Wood_Oak.uasset"
[2015.12.12-16.17.41:043][  0]LogPackFactory: Copied "../../../Samples/StarterContent/Content/StarterContent/Materials/M_Wood_Pine.uasset" to "E:/UnrealProjects/DemoLevel_Resistance/Content/StarterContent/Materials/M_Wood_Pine.uasset"
[2015.12.12-16.17.41:047][  0]LogPackFactory: Copied "../../../Samples/StarterContent/Content/StarterContent/Materials/M_Wood_Walnut.uasset" to "E:/UnrealProjects/DemoLevel_Resistance/Content/StarterContent/Materials/M_Wood_Walnut.uasset"
[2015.12.12-16.17.41:069][  0]LogPackFactory: Copied "../../../Samples/StarterContent/Content/StarterContent/Particles/P_Ambient_Dust.uasset" to "E:/UnrealProjects/DemoLevel_Resistance/Content/StarterContent/Particles/P_Ambient_Dust.uasset"
[2015.12.12-16.17.41:074][  0]LogPackFactory: Copied "../../../Samples/StarterContent/Content/StarterContent/Particles/P_Explosion.uasset" to "E:/UnrealProjects/DemoLevel_Resistance/Content/StarterContent/Particles/P_Explosion.uasset"
[2015.12.12-16.17.41:079][  0]LogPackFactory: Copied "../../../Samples/StarterContent/Content/StarterContent/Particles/P_Fire.uasset" to "E:/UnrealProjects/DemoLevel_Resistance/Content/StarterContent/Particles/P_Fire.uasset"
[2015.12.12-16.17.41:084][  0]LogPackFactory: Copied "../../../Samples/StarterContent/Content/StarterContent/Particles/P_Smoke.uasset" to "E:/UnrealProjects/DemoLevel_Resistance/Content/StarterContent/Particles/P_Smoke.uasset"
[2015.12.12-16.17.41:088][  0]LogPackFactory: Copied "../../../Samples/StarterContent/Content/StarterContent/Particles/P_Sparks.uasset" to "E:/UnrealProjects/DemoLevel_Resistance/Content/StarterContent/Particles/P_Sparks.uasset"
[2015.12.12-16.17.41:092][  0]LogPackFactory: Copied "../../../Samples/StarterContent/Content/StarterContent/Particles/P_Steam_Lit.uasset" to "E:/UnrealProjects/DemoLevel_Resistance/Content/StarterContent/Particles/P_Steam_Lit.uasset"
[2015.12.12-16.17.41:111][  0]LogPackFactory: Copied "../../../Samples/StarterContent/Content/StarterContent/Particles/Materials/M_Burst.uasset" to "E:/UnrealProjects/DemoLevel_Resistance/Content/StarterContent/Particles/Materials/M_Burst.uasset"
[2015.12.12-16.17.41:134][  0]LogPackFactory: Copied "../../../Samples/StarterContent/Content/StarterContent/Particles/Materials/M_Dust_Particle.uasset" to "E:/UnrealProjects/DemoLevel_Resistance/Content/StarterContent/Particles/Materials/M_Dust_Particle.uasset"
[2015.12.12-16.17.41:140][  0]LogPackFactory: Copied "../../../Samples/StarterContent/Content/StarterContent/Particles/Materials/M_explosion_subUV.uasset" to "E:/UnrealProjects/DemoLevel_Resistance/Content/StarterContent/Particles/Materials/M_explosion_subUV.uasset"
[2015.12.12-16.17.41:144][  0]LogPackFactory: Copied "../../../Samples/StarterContent/Content/StarterContent/Particles/Materials/M_Fire_SubUV.uasset" to "E:/UnrealProjects/DemoLevel_Resistance/Content/StarterContent/Particles/Materials/M_Fire_SubUV.uasset"
[2015.12.12-16.17.41:148][  0]LogPackFactory: Copied "../../../Samples/StarterContent/Content/StarterContent/Particles/Materials/m_flare_01.uasset" to "E:/UnrealProjects/DemoLevel_Resistance/Content/StarterContent/Particles/Materials/m_flare_01.uasset"
[2015.12.12-16.17.41:156][  0]LogPackFactory: Copied "../../../Samples/StarterContent/Content/StarterContent/Particles/Materials/M_Heat_Distortion.uasset" to "E:/UnrealProjects/DemoLevel_Resistance/Content/StarterContent/Particles/Materials/M_Heat_Distortion.uasset"
[2015.12.12-16.17.41:160][  0]LogPackFactory: Copied "../../../Samples/StarterContent/Content/StarterContent/Particles/Materials/M_Radial_Gradient.uasset" to "E:/UnrealProjects/DemoLevel_Resistance/Content/StarterContent/Particles/Materials/M_Radial_Gradient.uasset"
[2015.12.12-16.17.41:178][  0]LogPackFactory: Copied "../../../Samples/StarterContent/Content/StarterContent/Particles/Materials/M_radial_ramp.uasset" to "E:/UnrealProjects/DemoLevel_Resistance/Content/StarterContent/Particles/Materials/M_radial_ramp.uasset"
[2015.12.12-16.17.41:182][  0]LogPackFactory: Copied "../../../Samples/StarterContent/Content/StarterContent/Particles/Materials/M_smoke_subUV.uasset" to "E:/UnrealProjects/DemoLevel_Resistance/Content/StarterContent/Particles/Materials/M_smoke_subUV.uasset"
[2015.12.12-16.17.41:185][  0]LogPackFactory: Copied "../../../Samples/StarterContent/Content/StarterContent/Particles/Materials/M_Spark.uasset" to "E:/UnrealProjects/DemoLevel_Resistance/Content/StarterContent/Particles/Materials/M_Spark.uasset"
[2015.12.12-16.17.41:190][  0]LogPackFactory: Copied "../../../Samples/StarterContent/Content/StarterContent/Props/MaterialSphere.uasset" to "E:/UnrealProjects/DemoLevel_Resistance/Content/StarterContent/Props/MaterialSphere.uasset"
[2015.12.12-16.17.41:194][  0]LogPackFactory: Copied "../../../Samples/StarterContent/Content/StarterContent/Props/SM_Bush.uasset" to "E:/UnrealProjects/DemoLevel_Resistance/Content/StarterContent/Props/SM_Bush.uasset"
[2015.12.12-16.17.41:234][  0]LogPackFactory: Copied "../../../Samples/StarterContent/Content/StarterContent/Props/SM_Chair.uasset" to "E:/UnrealProjects/DemoLevel_Resistance/Content/StarterContent/Props/SM_Chair.uasset"
[2015.12.12-16.17.41:243][  0]LogPackFactory: Copied "../../../Samples/StarterContent/Content/StarterContent/Props/SM_CornerFrame.uasset" to "E:/UnrealProjects/DemoLevel_Resistance/Content/StarterContent/Props/SM_CornerFrame.uasset"
[2015.12.12-16.17.41:289][  0]LogPackFactory: Copied "../../../Samples/StarterContent/Content/StarterContent/Props/SM_Couch.uasset" to "E:/UnrealProjects/DemoLevel_Resistance/Content/StarterContent/Props/SM_Couch.uasset"
[2015.12.12-16.17.41:300][  0]LogPackFactory: Copied "../../../Samples/StarterContent/Content/StarterContent/Props/SM_Door.uasset" to "E:/UnrealProjects/DemoLevel_Resistance/Content/StarterContent/Props/SM_Door.uasset"
[2015.12.12-16.17.41:307][  0]LogPackFactory: Copied "../../../Samples/StarterContent/Content/StarterContent/Props/SM_DoorFrame.uasset" to "E:/UnrealProjects/DemoLevel_Resistance/Content/StarterContent/Props/SM_DoorFrame.uasset"
[2015.12.12-16.17.41:313][  0]LogPackFactory: Copied "../../../Samples/StarterContent/Content/StarterContent/Props/SM_GlassWindow.uasset" to "E:/UnrealProjects/DemoLevel_Resistance/Content/StarterContent/Props/SM_GlassWindow.uasset"
[2015.12.12-16.17.41:328][  0]LogPackFactory: Copied "../../../Samples/StarterContent/Content/StarterContent/Props/SM_Lamp_Ceiling.uasset" to "E:/UnrealProjects/DemoLevel_Resistance/Content/StarterContent/Props/SM_Lamp_Ceiling.uasset"
[2015.12.12-16.17.41:346][  0]LogPackFactory: Copied "../../../Samples/StarterContent/Content/StarterContent/Props/SM_Lamp_Wall.uasset" to "E:/UnrealProjects/DemoLevel_Resistance/Content/StarterContent/Props/SM_Lamp_Wall.uasset"
[2015.12.12-16.17.41:522][  0]LogPackFactory: Copied "../../../Samples/StarterContent/Content/StarterContent/Props/SM_MatPreviewMesh_02.uasset" to "E:/UnrealProjects/DemoLevel_Resistance/Content/StarterContent/Props/SM_MatPreviewMesh_02.uasset"
[2015.12.12-16.17.41:528][  0]LogPackFactory: Copied "../../../Samples/StarterContent/Content/StarterContent/Props/SM_PillarFrame.uasset" to "E:/UnrealProjects/DemoLevel_Resistance/Content/StarterContent/Props/SM_PillarFrame.uasset"
[2015.12.12-16.17.41:555][  0]LogPackFactory: Copied "../../../Samples/StarterContent/Content/StarterContent/Props/SM_PillarFrame300.uasset" to "E:/UnrealProjects/DemoLevel_Resistance/Content/StarterContent/Props/SM_PillarFrame300.uasset"
[2015.12.12-16.17.41:575][  0]LogPackFactory: Copied "../../../Samples/StarterContent/Content/StarterContent/Props/SM_Rock.uasset" to "E:/UnrealProjects/DemoLevel_Resistance/Content/StarterContent/Props/SM_Rock.uasset"
[2015.12.12-16.17.41:583][  0]LogPackFactory: Copied "../../../Samples/StarterContent/Content/StarterContent/Props/SM_Shelf.uasset" to "E:/UnrealProjects/DemoLevel_Resistance/Content/StarterContent/Props/SM_Shelf.uasset"
[2015.12.12-16.17.41:588][  0]LogPackFactory: Copied "../../../Samples/StarterContent/Content/StarterContent/Props/SM_Stairs.uasset" to "E:/UnrealProjects/DemoLevel_Resistance/Content/StarterContent/Props/SM_Stairs.uasset"
[2015.12.12-16.17.41:664][  0]LogPackFactory: Copied "../../../Samples/StarterContent/Content/StarterContent/Props/SM_Statue.uasset" to "E:/UnrealProjects/DemoLevel_Resistance/Content/StarterContent/Props/SM_Statue.uasset"
[2015.12.12-16.17.41:752][  0]LogPackFactory: Copied "../../../Samples/StarterContent/Content/StarterContent/Props/SM_TableRound.uasset" to "E:/UnrealProjects/DemoLevel_Resistance/Content/StarterContent/Props/SM_TableRound.uasset"
[2015.12.12-16.17.41:757][  0]LogPackFactory: Copied "../../../Samples/StarterContent/Content/StarterContent/Props/SM_WindowFrame.uasset" to "E:/UnrealProjects/DemoLevel_Resistance/Content/StarterContent/Props/SM_WindowFrame.uasset"
[2015.12.12-16.17.41:777][  0]LogPackFactory: Copied "../../../Samples/StarterContent/Content/StarterContent/Props/Materials/M_Bush.uasset" to "E:/UnrealProjects/DemoLevel_Resistance/Content/StarterContent/Props/Materials/M_Bush.uasset"
[2015.12.12-16.17.41:788][  0]LogPackFactory: Copied "../../../Samples/StarterContent/Content/StarterContent/Props/Materials/M_Chair.uasset" to "E:/UnrealProjects/DemoLevel_Resistance/Content/StarterContent/Props/Materials/M_Chair.uasset"
[2015.12.12-16.17.41:799][  0]LogPackFactory: Copied "../../../Samples/StarterContent/Content/StarterContent/Props/Materials/M_Door.uasset" to "E:/UnrealProjects/DemoLevel_Resistance/Content/StarterContent/Props/Materials/M_Door.uasset"
[2015.12.12-16.17.41:819][  0]LogPackFactory: Copied "../../../Samples/StarterContent/Content/StarterContent/Props/Materials/M_Frame.uasset" to "E:/UnrealProjects/DemoLevel_Resistance/Content/StarterContent/Props/Materials/M_Frame.uasset"
[2015.12.12-16.17.41:839][  0]LogPackFactory: Copied "../../../Samples/StarterContent/Content/StarterContent/Props/Materials/M_Lamp.uasset" to "E:/UnrealProjects/DemoLevel_Resistance/Content/StarterContent/Props/Materials/M_Lamp.uasset"
[2015.12.12-16.17.41:865][  0]LogPackFactory: Copied "../../../Samples/StarterContent/Content/StarterContent/Props/Materials/M_MaterialSphere.uasset" to "E:/UnrealProjects/DemoLevel_Resistance/Content/StarterContent/Props/Materials/M_MaterialSphere.uasset"
[2015.12.12-16.17.41:870][  0]LogPackFactory: Copied "../../../Samples/StarterContent/Content/StarterContent/Props/Materials/M_MaterialSphere_Plain.uasset" to "E:/UnrealProjects/DemoLevel_Resistance/Content/StarterContent/Props/Materials/M_MaterialSphere_Plain.uasset"
[2015.12.12-16.17.41:884][  0]LogPackFactory: Copied "../../../Samples/StarterContent/Content/StarterContent/Props/Materials/M_Rock.uasset" to "E:/UnrealProjects/DemoLevel_Resistance/Content/StarterContent/Props/Materials/M_Rock.uasset"
[2015.12.12-16.17.41:926][  0]LogPackFactory: Copied "../../../Samples/StarterContent/Content/StarterContent/Props/Materials/M_Shelf.uasset" to "E:/UnrealProjects/DemoLevel_Resistance/Content/StarterContent/Props/Materials/M_Shelf.uasset"
[2015.12.12-16.17.41:956][  0]LogPackFactory: Copied "../../../Samples/StarterContent/Content/StarterContent/Props/Materials/M_Statue.uasset" to "E:/UnrealProjects/DemoLevel_Resistance/Content/StarterContent/Props/Materials/M_Statue.uasset"
[2015.12.12-16.17.41:967][  0]LogPackFactory: Copied "../../../Samples/StarterContent/Content/StarterContent/Props/Materials/M_StatueGlass.uasset" to "E:/UnrealProjects/DemoLevel_Resistance/Content/StarterContent/Props/Materials/M_StatueGlass.uasset"
[2015.12.12-16.17.41:977][  0]LogPackFactory: Copied "../../../Samples/StarterContent/Content/StarterContent/Props/Materials/M_TableRound.uasset" to "E:/UnrealProjects/DemoLevel_Resistance/Content/StarterContent/Props/Materials/M_TableRound.uasset"
[2015.12.12-16.17.41:999][  0]LogPackFactory: Copied "../../../Samples/StarterContent/Content/StarterContent/Shapes/Shape_Cone.uasset" to "E:/UnrealProjects/DemoLevel_Resistance/Content/StarterContent/Shapes/Shape_Cone.uasset"
[2015.12.12-16.17.42:003][  0]LogPackFactory: Copied "../../../Samples/StarterContent/Content/StarterContent/Shapes/Shape_Cube.uasset" to "E:/UnrealProjects/DemoLevel_Resistance/Content/StarterContent/Shapes/Shape_Cube.uasset"
[2015.12.12-16.17.42:041][  0]LogPackFactory: Copied "../../../Samples/StarterContent/Content/StarterContent/Shapes/Shape_Cylinder.uasset" to "E:/UnrealProjects/DemoLevel_Resistance/Content/StarterContent/Shapes/Shape_Cylinder.uasset"
[2015.12.12-16.17.42:072][  0]LogPackFactory: Copied "../../../Samples/StarterContent/Content/StarterContent/Shapes/Shape_NarrowCapsule.uasset" to "E:/UnrealProjects/DemoLevel_Resistance/Content/StarterContent/Shapes/Shape_NarrowCapsule.uasset"
[2015.12.12-16.17.42:078][  0]LogPackFactory: Copied "../../../Samples/StarterContent/Content/StarterContent/Shapes/Shape_Pipe.uasset" to "E:/UnrealProjects/DemoLevel_Resistance/Content/StarterContent/Shapes/Shape_Pipe.uasset"
[2015.12.12-16.17.42:104][  0]LogPackFactory: Copied "../../../Samples/StarterContent/Content/StarterContent/Shapes/Shape_Pipe_180.uasset" to "E:/UnrealProjects/DemoLevel_Resistance/Content/StarterContent/Shapes/Shape_Pipe_180.uasset"
[2015.12.12-16.17.42:108][  0]LogPackFactory: Copied "../../../Samples/StarterContent/Content/StarterContent/Shapes/Shape_Pipe_90.uasset" to "E:/UnrealProjects/DemoLevel_Resistance/Content/StarterContent/Shapes/Shape_Pipe_90.uasset"
[2015.12.12-16.17.42:112][  0]LogPackFactory: Copied "../../../Samples/StarterContent/Content/StarterContent/Shapes/Shape_Plane.uasset" to "E:/UnrealProjects/DemoLevel_Resistance/Content/StarterContent/Shapes/Shape_Plane.uasset"
[2015.12.12-16.17.42:142][  0]LogPackFactory: Copied "../../../Samples/StarterContent/Content/StarterContent/Shapes/Shape_QuadPyramid.uasset" to "E:/UnrealProjects/DemoLevel_Resistance/Content/StarterContent/Shapes/Shape_QuadPyramid.uasset"
[2015.12.12-16.17.42:159][  0]LogPackFactory: Copied "../../../Samples/StarterContent/Content/StarterContent/Shapes/Shape_Sphere.uasset" to "E:/UnrealProjects/DemoLevel_Resistance/Content/StarterContent/Shapes/Shape_Sphere.uasset"
[2015.12.12-16.17.42:190][  0]LogPackFactory: Copied "../../../Samples/StarterContent/Content/StarterContent/Shapes/Shape_Torus.uasset" to "E:/UnrealProjects/DemoLevel_Resistance/Content/StarterContent/Shapes/Shape_Torus.uasset"
[2015.12.12-16.17.42:241][  0]LogPackFactory: Copied "../../../Samples/StarterContent/Content/StarterContent/Shapes/Shape_Trim.uasset" to "E:/UnrealProjects/DemoLevel_Resistance/Content/StarterContent/Shapes/Shape_Trim.uasset"
[2015.12.12-16.17.42:245][  0]LogPackFactory: Copied "../../../Samples/StarterContent/Content/StarterContent/Shapes/Shape_Trim_90_In.uasset" to "E:/UnrealProjects/DemoLevel_Resistance/Content/StarterContent/Shapes/Shape_Trim_90_In.uasset"
[2015.12.12-16.17.42:267][  0]LogPackFactory: Copied "../../../Samples/StarterContent/Content/StarterContent/Shapes/Shape_Trim_90_Out.uasset" to "E:/UnrealProjects/DemoLevel_Resistance/Content/StarterContent/Shapes/Shape_Trim_90_Out.uasset"
[2015.12.12-16.17.42:271][  0]LogPackFactory: Copied "../../../Samples/StarterContent/Content/StarterContent/Shapes/Shape_TriPyramid.uasset" to "E:/UnrealProjects/DemoLevel_Resistance/Content/StarterContent/Shapes/Shape_TriPyramid.uasset"
[2015.12.12-16.17.42:313][  0]LogPackFactory: Copied "../../../Samples/StarterContent/Content/StarterContent/Shapes/Shape_Tube.uasset" to "E:/UnrealProjects/DemoLevel_Resistance/Content/StarterContent/Shapes/Shape_Tube.uasset"
[2015.12.12-16.17.42:318][  0]LogPackFactory: Copied "../../../Samples/StarterContent/Content/StarterContent/Shapes/Shape_Wedge_A.uasset" to "E:/UnrealProjects/DemoLevel_Resistance/Content/StarterContent/Shapes/Shape_Wedge_A.uasset"
[2015.12.12-16.17.42:345][  0]LogPackFactory: Copied "../../../Samples/StarterContent/Content/StarterContent/Shapes/Shape_Wedge_B.uasset" to "E:/UnrealProjects/DemoLevel_Resistance/Content/StarterContent/Shapes/Shape_Wedge_B.uasset"
[2015.12.12-16.17.42:357][  0]LogPackFactory: Copied "../../../Samples/StarterContent/Content/StarterContent/Shapes/Shape_WideCapsule.uasset" to "E:/UnrealProjects/DemoLevel_Resistance/Content/StarterContent/Shapes/Shape_WideCapsule.uasset"
[2015.12.12-16.17.42:701][  0]LogPackFactory: Copied "../../../Samples/StarterContent/Content/StarterContent/Textures/T_Brick_Clay_Beveled_D.uasset" to "E:/UnrealProjects/DemoLevel_Resistance/Content/StarterContent/Textures/T_Brick_Clay_Beveled_D.uasset"
[2015.12.12-16.17.42:858][  0]LogPackFactory: Copied "../../../Samples/StarterContent/Content/StarterContent/Textures/T_Brick_Clay_Beveled_M.uasset" to "E:/UnrealProjects/DemoLevel_Resistance/Content/StarterContent/Textures/T_Brick_Clay_Beveled_M.uasset"
[2015.12.12-16.17.43:208][  0]LogPackFactory: Copied "../../../Samples/StarterContent/Content/StarterContent/Textures/T_Brick_Clay_Beveled_N.uasset" to "E:/UnrealProjects/DemoLevel_Resistance/Content/StarterContent/Textures/T_Brick_Clay_Beveled_N.uasset"
[2015.12.12-16.17.43:403][  0]LogPackFactory: Copied "../../../Samples/StarterContent/Content/StarterContent/Textures/T_Brick_Clay_New_D.uasset" to "E:/UnrealProjects/DemoLevel_Resistance/Content/StarterContent/Textures/T_Brick_Clay_New_D.uasset"
[2015.12.12-16.17.43:641][  0]LogPackFactory: Copied "../../../Samples/StarterContent/Content/StarterContent/Textures/T_Brick_Clay_New_M.uasset" to "E:/UnrealProjects/DemoLevel_Resistance/Content/StarterContent/Textures/T_Brick_Clay_New_M.uasset"
[2015.12.12-16.17.43:845][  0]LogPackFactory: Copied "../../../Samples/StarterContent/Content/StarterContent/Textures/T_Brick_Clay_New_N.uasset" to "E:/UnrealProjects/DemoLevel_Resistance/Content/StarterContent/Textures/T_Brick_Clay_New_N.uasset"
[2015.12.12-16.17.44:073][  0]LogPackFactory: Copied "../../../Samples/StarterContent/Content/StarterContent/Textures/T_Brick_Clay_Old_D.uasset" to "E:/UnrealProjects/DemoLevel_Resistance/Content/StarterContent/Textures/T_Brick_Clay_Old_D.uasset"
[2015.12.12-16.17.44:290][  0]LogPackFactory: Copied "../../../Samples/StarterContent/Content/StarterContent/Textures/T_Brick_Clay_Old_N.uasset" to "E:/UnrealProjects/DemoLevel_Resistance/Content/StarterContent/Textures/T_Brick_Clay_Old_N.uasset"
[2015.12.12-16.17.44:607][  0]LogPackFactory: Copied "../../../Samples/StarterContent/Content/StarterContent/Textures/T_Brick_Cut_Stone_D.uasset" to "E:/UnrealProjects/DemoLevel_Resistance/Content/StarterContent/Textures/T_Brick_Cut_Stone_D.uasset"
[2015.12.12-16.17.44:800][  0]LogPackFactory: Copied "../../../Samples/StarterContent/Content/StarterContent/Textures/T_Brick_Cut_Stone_N.uasset" to "E:/UnrealProjects/DemoLevel_Resistance/Content/StarterContent/Textures/T_Brick_Cut_Stone_N.uasset"
[2015.12.12-16.17.45:019][  0]LogPackFactory: Copied "../../../Samples/StarterContent/Content/StarterContent/Textures/T_Brick_Hewn_Stone_D.uasset" to "E:/UnrealProjects/DemoLevel_Resistance/Content/StarterContent/Textures/T_Brick_Hewn_Stone_D.uasset"
[2015.12.12-16.17.45:283][  0]LogPackFactory: Copied "../../../Samples/StarterContent/Content/StarterContent/Textures/T_Brick_Hewn_Stone_M.uasset" to "E:/UnrealProjects/DemoLevel_Resistance/Content/StarterContent/Textures/T_Brick_Hewn_Stone_M.uasset"
[2015.12.12-16.17.45:529][  0]LogPackFactory: Copied "../../../Samples/StarterContent/Content/StarterContent/Textures/T_Brick_Hewn_Stone_N.uasset" to "E:/UnrealProjects/DemoLevel_Resistance/Content/StarterContent/Textures/T_Brick_Hewn_Stone_N.uasset"
[2015.12.12-16.17.45:533][  0]LogPackFactory: Copied "../../../Samples/StarterContent/Content/StarterContent/Textures/T_Burst_M.uasset" to "E:/UnrealProjects/DemoLevel_Resistance/Content/StarterContent/Textures/T_Burst_M.uasset"
[2015.12.12-16.17.45:546][  0]LogPackFactory: Copied "../../../Samples/StarterContent/Content/StarterContent/Textures/T_Bush_D.uasset" to "E:/UnrealProjects/DemoLevel_Resistance/Content/StarterContent/Textures/T_Bush_D.uasset"
[2015.12.12-16.17.45:573][  0]LogPackFactory: Copied "../../../Samples/StarterContent/Content/StarterContent/Textures/T_Bush_N.uasset" to "E:/UnrealProjects/DemoLevel_Resistance/Content/StarterContent/Textures/T_Bush_N.uasset"
[2015.12.12-16.17.45:578][  0]LogPackFactory: Copied "../../../Samples/StarterContent/Content/StarterContent/Textures/T_Ceramic_Tile_M.uasset" to "E:/UnrealProjects/DemoLevel_Resistance/Content/StarterContent/Textures/T_Ceramic_Tile_M.uasset"
[2015.12.12-16.17.45:582][  0]LogPackFactory: Copied "../../../Samples/StarterContent/Content/StarterContent/Textures/T_Ceramic_Tile_N.uasset" to "E:/UnrealProjects/DemoLevel_Resistance/Content/StarterContent/Textures/T_Ceramic_Tile_N.uasset"
[2015.12.12-16.17.45:664][  0]LogPackFactory: Copied "../../../Samples/StarterContent/Content/StarterContent/Textures/T_Chair_M.uasset" to "E:/UnrealProjects/DemoLevel_Resistance/Content/StarterContent/Textures/T_Chair_M.uasset"
[2015.12.12-16.17.45:801][  0]LogPackFactory: Copied "../../../Samples/StarterContent/Content/StarterContent/Textures/T_Chair_N.uasset" to "E:/UnrealProjects/DemoLevel_Resistance/Content/StarterContent/Textures/T_Chair_N.uasset"
[2015.12.12-16.17.45:806][  0]LogPackFactory: Copied "../../../Samples/StarterContent/Content/StarterContent/Textures/T_Checker_Noise_M.uasset" to "E:/UnrealProjects/DemoLevel_Resistance/Content/StarterContent/Textures/T_Checker_Noise_M.uasset"
[2015.12.12-16.17.46:081][  0]LogPackFactory: Copied "../../../Samples/StarterContent/Content/StarterContent/Textures/T_CobbleStone_Pebble_D.uasset" to "E:/UnrealProjects/DemoLevel_Resistance/Content/StarterContent/Textures/T_CobbleStone_Pebble_D.uasset"
[2015.12.12-16.17.46:141][  0]LogPackFactory: Copied "../../../Samples/StarterContent/Content/StarterContent/Textures/T_CobbleStone_Pebble_M.uasset" to "E:/UnrealProjects/DemoLevel_Resistance/Content/StarterContent/Textures/T_CobbleStone_Pebble_M.uasset"
[2015.12.12-16.17.46:439][  0]LogPackFactory: Copied "../../../Samples/StarterContent/Content/StarterContent/Textures/T_CobbleStone_Pebble_N.uasset" to "E:/UnrealProjects/DemoLevel_Resistance/Content/StarterContent/Textures/T_CobbleStone_Pebble_N.uasset"
[2015.12.12-16.17.46:519][  0]LogPackFactory: Copied "../../../Samples/StarterContent/Content/StarterContent/Textures/T_CobbleStone_Rough_D.uasset" to "E:/UnrealProjects/DemoLevel_Resistance/Content/StarterContent/Textures/T_CobbleStone_Rough_D.uasset"
[2015.12.12-16.17.46:609][  0]LogPackFactory: Copied "../../../Samples/StarterContent/Content/StarterContent/Textures/T_CobbleStone_Rough_N.uasset" to "E:/UnrealProjects/DemoLevel_Resistance/Content/StarterContent/Textures/T_CobbleStone_Rough_N.uasset"
[2015.12.12-16.17.46:794][  0]LogPackFactory: Copied "../../../Samples/StarterContent/Content/StarterContent/Textures/T_CobbleStone_Smooth_D.uasset" to "E:/UnrealProjects/DemoLevel_Resistance/Content/StarterContent/Textures/T_CobbleStone_Smooth_D.uasset"
[2015.12.12-16.17.46:934][  0]LogPackFactory: Copied "../../../Samples/StarterContent/Content/StarterContent/Textures/T_CobbleStone_Smooth_M.uasset" to "E:/UnrealProjects/DemoLevel_Resistance/Content/StarterContent/Textures/T_CobbleStone_Smooth_M.uasset"
[2015.12.12-16.17.47:152][  0]LogPackFactory: Copied "../../../Samples/StarterContent/Content/StarterContent/Textures/T_CobbleStone_Smooth_N.uasset" to "E:/UnrealProjects/DemoLevel_Resistance/Content/StarterContent/Textures/T_CobbleStone_Smooth_N.uasset"
[2015.12.12-16.17.47:380][  0]LogPackFactory: Copied "../../../Samples/StarterContent/Content/StarterContent/Textures/T_Concrete_Grime_D.uasset" to "E:/UnrealProjects/DemoLevel_Resistance/Content/StarterContent/Textures/T_Concrete_Grime_D.uasset"
[2015.12.12-16.17.47:563][  0]LogPackFactory: Copied "../../../Samples/StarterContent/Content/StarterContent/Textures/T_Concrete_Panels_D.uasset" to "E:/UnrealProjects/DemoLevel_Resistance/Content/StarterContent/Textures/T_Concrete_Panels_D.uasset"
[2015.12.12-16.17.47:788][  0]LogPackFactory: Copied "../../../Samples/StarterContent/Content/StarterContent/Textures/T_Concrete_Panels_N.uasset" to "E:/UnrealProjects/DemoLevel_Resistance/Content/StarterContent/Textures/T_Concrete_Panels_N.uasset"
[2015.12.12-16.17.48:018][  0]LogPackFactory: Copied "../../../Samples/StarterContent/Content/StarterContent/Textures/T_Concrete_Poured_D.uasset" to "E:/UnrealProjects/DemoLevel_Resistance/Content/StarterContent/Textures/T_Concrete_Poured_D.uasset"
[2015.12.12-16.17.48:143][  0]LogPackFactory: Copied "../../../Samples/StarterContent/Content/StarterContent/Textures/T_Concrete_Poured_N.uasset" to "E:/UnrealProjects/DemoLevel_Resistance/Content/StarterContent/Textures/T_Concrete_Poured_N.uasset"
[2015.12.12-16.17.48:290][  0]LogPackFactory: Copied "../../../Samples/StarterContent/Content/StarterContent/Textures/T_Concrete_Tiles_D.uasset" to "E:/UnrealProjects/DemoLevel_Resistance/Content/StarterContent/Textures/T_Concrete_Tiles_D.uasset"
[2015.12.12-16.17.48:581][  0]LogPackFactory: Copied "../../../Samples/StarterContent/Content/StarterContent/Textures/T_Concrete_Tiles_M.uasset" to "E:/UnrealProjects/DemoLevel_Resistance/Content/StarterContent/Textures/T_Concrete_Tiles_M.uasset"
[2015.12.12-16.17.48:620][  0]LogPackFactory: Copied "../../../Samples/StarterContent/Content/StarterContent/Textures/T_Concrete_Tiles_N.uasset" to "E:/UnrealProjects/DemoLevel_Resistance/Content/StarterContent/Textures/T_Concrete_Tiles_N.uasset"
[2015.12.12-16.17.48:622][  0]LogPackFactory: Copied "../../../Samples/StarterContent/Content/StarterContent/Textures/T_Concrete_Tiles_Variation_M.uasset" to "E:/UnrealProjects/DemoLevel_Resistance/Content/StarterContent/Textures/T_Concrete_Tiles_Variation_M.uasset"
[2015.12.12-16.17.48:698][  0]LogPackFactory: Copied "../../../Samples/StarterContent/Content/StarterContent/Textures/T_Detail_Rocky_N.uasset" to "E:/UnrealProjects/DemoLevel_Resistance/Content/StarterContent/Textures/T_Detail_Rocky_N.uasset"
[2015.12.12-16.17.48:724][  0]LogPackFactory: Copied "../../../Samples/StarterContent/Content/StarterContent/Textures/T_Door_M.uasset" to "E:/UnrealProjects/DemoLevel_Resistance/Content/StarterContent/Textures/T_Door_M.uasset"
[2015.12.12-16.17.48:795][  0]LogPackFactory: Copied "../../../Samples/StarterContent/Content/StarterContent/Textures/T_Door_N.uasset" to "E:/UnrealProjects/DemoLevel_Resistance/Content/StarterContent/Textures/T_Door_N.uasset"
[2015.12.12-16.17.48:799][  0]LogPackFactory: Copied "../../../Samples/StarterContent/Content/StarterContent/Textures/T_Dust_Particle_D.uasset" to "E:/UnrealProjects/DemoLevel_Resistance/Content/StarterContent/Textures/T_Dust_Particle_D.uasset"
[2015.12.12-16.17.48:886][  0]LogPackFactory: Copied "../../../Samples/StarterContent/Content/StarterContent/Textures/T_Explosion_SubUV.uasset" to "E:/UnrealProjects/DemoLevel_Resistance/Content/StarterContent/Textures/T_Explosion_SubUV.uasset"
[2015.12.12-16.17.48:913][  0]LogPackFactory: Copied "../../../Samples/StarterContent/Content/StarterContent/Textures/T_Fire_SubUV.uasset" to "E:/UnrealProjects/DemoLevel_Resistance/Content/StarterContent/Textures/T_Fire_SubUV.uasset"
[2015.12.12-16.17.48:939][  0]LogPackFactory: Copied "../../../Samples/StarterContent/Content/StarterContent/Textures/T_Fire_Tiled_D.uasset" to "E:/UnrealProjects/DemoLevel_Resistance/Content/StarterContent/Textures/T_Fire_Tiled_D.uasset"
[2015.12.12-16.17.48:959][  0]LogPackFactory: Copied "../../../Samples/StarterContent/Content/StarterContent/Textures/T_Frame_M.uasset" to "E:/UnrealProjects/DemoLevel_Resistance/Content/StarterContent/Textures/T_Frame_M.uasset"
[2015.12.12-16.17.48:972][  0]LogPackFactory: Copied "../../../Samples/StarterContent/Content/StarterContent/Textures/T_Frame_N.uasset" to "E:/UnrealProjects/DemoLevel_Resistance/Content/StarterContent/Textures/T_Frame_N.uasset"
[2015.12.12-16.17.48:999][  0]LogPackFactory: Copied "../../../Samples/StarterContent/Content/StarterContent/Textures/T_Gradinet_01.uasset" to "E:/UnrealProjects/DemoLevel_Resistance/Content/StarterContent/Textures/T_Gradinet_01.uasset"
[2015.12.12-16.17.49:327][  0]LogPackFactory: Copied "../../../Samples/StarterContent/Content/StarterContent/Textures/T_Ground_Grass_D.uasset" to "E:/UnrealProjects/DemoLevel_Resistance/Content/StarterContent/Textures/T_Ground_Grass_D.uasset"
[2015.12.12-16.17.49:582][  0]LogPackFactory: Copied "../../../Samples/StarterContent/Content/StarterContent/Textures/T_Ground_Grass_N.uasset" to "E:/UnrealProjects/DemoLevel_Resistance/Content/StarterContent/Textures/T_Ground_Grass_N.uasset"
[2015.12.12-16.17.49:840][  0]LogPackFactory: Copied "../../../Samples/StarterContent/Content/StarterContent/Textures/T_Ground_Gravel_D.uasset" to "E:/UnrealProjects/DemoLevel_Resistance/Content/StarterContent/Textures/T_Ground_Gravel_D.uasset"
[2015.12.12-16.17.50:036][  0]LogPackFactory: Copied "../../../Samples/StarterContent/Content/StarterContent/Textures/T_Ground_Gravel_N.uasset" to "E:/UnrealProjects/DemoLevel_Resistance/Content/StarterContent/Textures/T_Ground_Gravel_N.uasset"
[2015.12.12-16.17.50:339][  0]LogPackFactory: Copied "../../../Samples/StarterContent/Content/StarterContent/Textures/T_ground_Moss_D.uasset" to "E:/UnrealProjects/DemoLevel_Resistance/Content/StarterContent/Textures/T_ground_Moss_D.uasset"
[2015.12.12-16.17.50:499][  0]LogPackFactory: Copied "../../../Samples/StarterContent/Content/StarterContent/Textures/T_Ground_Moss_N.uasset" to "E:/UnrealProjects/DemoLevel_Resistance/Content/StarterContent/Textures/T_Ground_Moss_N.uasset"
[2015.12.12-16.17.50:539][  0]LogPackFactory: Copied "../../../Samples/StarterContent/Content/StarterContent/Textures/T_Lamp_M.uasset" to "E:/UnrealProjects/DemoLevel_Resistance/Content/StarterContent/Textures/T_Lamp_M.uasset"
[2015.12.12-16.17.50:587][  0]LogPackFactory: Copied "../../../Samples/StarterContent/Content/StarterContent/Textures/T_Lamp_N.uasset" to "E:/UnrealProjects/DemoLevel_Resistance/Content/StarterContent/Textures/T_Lamp_N.uasset"
[2015.12.12-16.17.50:823][  0]LogPackFactory: Copied "../../../Samples/StarterContent/Content/StarterContent/Textures/T_MacroVariation.uasset" to "E:/UnrealProjects/DemoLevel_Resistance/Content/StarterContent/Textures/T_MacroVariation.uasset"
[2015.12.12-16.17.51:027][  0]LogPackFactory: Copied "../../../Samples/StarterContent/Content/StarterContent/Textures/T_Metal_Aluminum_D.uasset" to "E:/UnrealProjects/DemoLevel_Resistance/Content/StarterContent/Textures/T_Metal_Aluminum_D.uasset"
[2015.12.12-16.17.51:187][  0]LogPackFactory: Copied "../../../Samples/StarterContent/Content/StarterContent/Textures/T_Metal_Copper_D.uasset" to "E:/UnrealProjects/DemoLevel_Resistance/Content/StarterContent/Textures/T_Metal_Copper_D.uasset"
[2015.12.12-16.17.51:466][  0]LogPackFactory: Copied "../../../Samples/StarterContent/Content/StarterContent/Textures/T_Metal_Gold_D.uasset" to "E:/UnrealProjects/DemoLevel_Resistance/Content/StarterContent/Textures/T_Metal_Gold_D.uasset"
[2015.12.12-16.17.51:503][  0]LogPackFactory: Copied "../../../Samples/StarterContent/Content/StarterContent/Textures/T_Metal_Gold_N.uasset" to "E:/UnrealProjects/DemoLevel_Resistance/Content/StarterContent/Textures/T_Metal_Gold_N.uasset"
[2015.12.12-16.17.51:796][  0]LogPackFactory: Copied "../../../Samples/StarterContent/Content/StarterContent/Textures/T_Metal_Rust_D.uasset" to "E:/UnrealProjects/DemoLevel_Resistance/Content/StarterContent/Textures/T_Metal_Rust_D.uasset"
[2015.12.12-16.17.52:008][  0]LogPackFactory: Copied "../../../Samples/StarterContent/Content/StarterContent/Textures/T_Metal_Rust_N.uasset" to "E:/UnrealProjects/DemoLevel_Resistance/Content/StarterContent/Textures/T_Metal_Rust_N.uasset"
[2015.12.12-16.17.52:116][  0]LogPackFactory: Copied "../../../Samples/StarterContent/Content/StarterContent/Textures/T_Metal_Steel_D.uasset" to "E:/UnrealProjects/DemoLevel_Resistance/Content/StarterContent/Textures/T_Metal_Steel_D.uasset"
[2015.12.12-16.17.52:278][  0]LogPackFactory: Copied "../../../Samples/StarterContent/Content/StarterContent/Textures/T_Metal_Steel_N.uasset" to "E:/UnrealProjects/DemoLevel_Resistance/Content/StarterContent/Textures/T_Metal_Steel_N.uasset"
[2015.12.12-16.17.52:484][  0]LogPackFactory: Copied "../../../Samples/StarterContent/Content/StarterContent/Textures/T_Perlin_Noise_M.uasset" to "E:/UnrealProjects/DemoLevel_Resistance/Content/StarterContent/Textures/T_Perlin_Noise_M.uasset"
[2015.12.12-16.17.52:541][  0]LogPackFactory: Copied "../../../Samples/StarterContent/Content/StarterContent/Textures/T_RockMesh_M.uasset" to "E:/UnrealProjects/DemoLevel_Resistance/Content/StarterContent/Textures/T_RockMesh_M.uasset"
[2015.12.12-16.17.52:675][  0]LogPackFactory: Copied "../../../Samples/StarterContent/Content/StarterContent/Textures/T_RockMesh_N.uasset" to "E:/UnrealProjects/DemoLevel_Resistance/Content/StarterContent/Textures/T_RockMesh_N.uasset"
[2015.12.12-16.17.52:896][  0]LogPackFactory: Copied "../../../Samples/StarterContent/Content/StarterContent/Textures/T_Rock_Basalt_D.uasset" to "E:/UnrealProjects/DemoLevel_Resistance/Content/StarterContent/Textures/T_Rock_Basalt_D.uasset"
[2015.12.12-16.17.53:074][  0]LogPackFactory: Copied "../../../Samples/StarterContent/Content/StarterContent/Textures/T_Rock_Basalt_N.uasset" to "E:/UnrealProjects/DemoLevel_Resistance/Content/StarterContent/Textures/T_Rock_Basalt_N.uasset"
[2015.12.12-16.17.53:208][  0]LogPackFactory: Copied "../../../Samples/StarterContent/Content/StarterContent/Textures/T_Rock_Marble_Polished_D.uasset" to "E:/UnrealProjects/DemoLevel_Resistance/Content/StarterContent/Textures/T_Rock_Marble_Polished_D.uasset"
[2015.12.12-16.17.53:382][  0]LogPackFactory: Copied "../../../Samples/StarterContent/Content/StarterContent/Textures/T_Rock_Sandstone_D.uasset" to "E:/UnrealProjects/DemoLevel_Resistance/Content/StarterContent/Textures/T_Rock_Sandstone_D.uasset"
[2015.12.12-16.17.53:629][  0]LogPackFactory: Copied "../../../Samples/StarterContent/Content/StarterContent/Textures/T_Rock_Sandstone_N.uasset" to "E:/UnrealProjects/DemoLevel_Resistance/Content/StarterContent/Textures/T_Rock_Sandstone_N.uasset"
[2015.12.12-16.17.53:869][  0]LogPackFactory: Copied "../../../Samples/StarterContent/Content/StarterContent/Textures/T_Rock_Slate_D.uasset" to "E:/UnrealProjects/DemoLevel_Resistance/Content/StarterContent/Textures/T_Rock_Slate_D.uasset"
[2015.12.12-16.17.54:060][  0]LogPackFactory: Copied "../../../Samples/StarterContent/Content/StarterContent/Textures/T_Rock_Slate_N.uasset" to "E:/UnrealProjects/DemoLevel_Resistance/Content/StarterContent/Textures/T_Rock_Slate_N.uasset"
[2015.12.12-16.17.54:263][  0]LogPackFactory: Copied "../../../Samples/StarterContent/Content/StarterContent/Textures/T_Rock_Smooth_Granite_D.uasset" to "E:/UnrealProjects/DemoLevel_Resistance/Content/StarterContent/Textures/T_Rock_Smooth_Granite_D.uasset"
[2015.12.12-16.17.54:279][  0]LogPackFactory: Copied "../../../Samples/StarterContent/Content/StarterContent/Textures/T_Shelf_M.uasset" to "E:/UnrealProjects/DemoLevel_Resistance/Content/StarterContent/Textures/T_Shelf_M.uasset"
[2015.12.12-16.17.54:348][  0]LogPackFactory: Copied "../../../Samples/StarterContent/Content/StarterContent/Textures/T_Shelf_N.uasset" to "E:/UnrealProjects/DemoLevel_Resistance/Content/StarterContent/Textures/T_Shelf_N.uasset"
[2015.12.12-16.17.54:380][  0]LogPackFactory: Copied "../../../Samples/StarterContent/Content/StarterContent/Textures/T_Single_Tile_N.uasset" to "E:/UnrealProjects/DemoLevel_Resistance/Content/StarterContent/Textures/T_Single_Tile_N.uasset"
[2015.12.12-16.17.54:438][  0]LogPackFactory: Copied "../../../Samples/StarterContent/Content/StarterContent/Textures/T_Smoke_SubUV.uasset" to "E:/UnrealProjects/DemoLevel_Resistance/Content/StarterContent/Textures/T_Smoke_SubUV.uasset"
[2015.12.12-16.17.54:443][  0]LogPackFactory: Copied "../../../Samples/StarterContent/Content/StarterContent/Textures/T_Smoke_Tiled_D.uasset" to "E:/UnrealProjects/DemoLevel_Resistance/Content/StarterContent/Textures/T_Smoke_Tiled_D.uasset"
[2015.12.12-16.17.54:448][  0]LogPackFactory: Copied "../../../Samples/StarterContent/Content/StarterContent/Textures/T_Spark_Core.uasset" to "E:/UnrealProjects/DemoLevel_Resistance/Content/StarterContent/Textures/T_Spark_Core.uasset"
[2015.12.12-16.17.54:500][  0]LogPackFactory: Copied "../../../Samples/StarterContent/Content/StarterContent/Textures/T_Statue_M.uasset" to "E:/UnrealProjects/DemoLevel_Resistance/Content/StarterContent/Textures/T_Statue_M.uasset"
[2015.12.12-16.17.54:517][  0]LogPackFactory: Copied "../../../Samples/StarterContent/Content/StarterContent/Textures/T_Statue_N.uasset" to "E:/UnrealProjects/DemoLevel_Resistance/Content/StarterContent/Textures/T_Statue_N.uasset"
[2015.12.12-16.17.54:569][  0]LogPackFactory: Copied "../../../Samples/StarterContent/Content/StarterContent/Textures/T_TableRound_M.uasset" to "E:/UnrealProjects/DemoLevel_Resistance/Content/StarterContent/Textures/T_TableRound_M.uasset"
[2015.12.12-16.17.54:687][  0]LogPackFactory: Copied "../../../Samples/StarterContent/Content/StarterContent/Textures/T_TableRound_N.uasset" to "E:/UnrealProjects/DemoLevel_Resistance/Content/StarterContent/Textures/T_TableRound_N.uasset"
[2015.12.12-16.17.54:703][  0]LogPackFactory: Copied "../../../Samples/StarterContent/Content/StarterContent/Textures/T_Tech_Dot_M.uasset" to "E:/UnrealProjects/DemoLevel_Resistance/Content/StarterContent/Textures/T_Tech_Dot_M.uasset"
[2015.12.12-16.17.54:708][  0]LogPackFactory: Copied "../../../Samples/StarterContent/Content/StarterContent/Textures/T_Tech_Dot_N.uasset" to "E:/UnrealProjects/DemoLevel_Resistance/Content/StarterContent/Textures/T_Tech_Dot_N.uasset"
[2015.12.12-16.17.54:730][  0]LogPackFactory: Copied "../../../Samples/StarterContent/Content/StarterContent/Textures/T_Tech_Hex_Tile_M.uasset" to "E:/UnrealProjects/DemoLevel_Resistance/Content/StarterContent/Textures/T_Tech_Hex_Tile_M.uasset"
[2015.12.12-16.17.54:736][  0]LogPackFactory: Copied "../../../Samples/StarterContent/Content/StarterContent/Textures/T_Tech_Hex_Tile_N.uasset" to "E:/UnrealProjects/DemoLevel_Resistance/Content/StarterContent/Textures/T_Tech_Hex_Tile_N.uasset"
[2015.12.12-16.17.54:762][  0]LogPackFactory: Copied "../../../Samples/StarterContent/Content/StarterContent/Textures/T_Tech_Panel_M.uasset" to "E:/UnrealProjects/DemoLevel_Resistance/Content/StarterContent/Textures/T_Tech_Panel_M.uasset"
[2015.12.12-16.17.54:834][  0]LogPackFactory: Copied "../../../Samples/StarterContent/Content/StarterContent/Textures/T_Tech_Panel_N.uasset" to "E:/UnrealProjects/DemoLevel_Resistance/Content/StarterContent/Textures/T_Tech_Panel_N.uasset"
[2015.12.12-16.17.54:922][  0]LogPackFactory: Copied "../../../Samples/StarterContent/Content/StarterContent/Textures/T_Water_M.uasset" to "E:/UnrealProjects/DemoLevel_Resistance/Content/StarterContent/Textures/T_Water_M.uasset"
[2015.12.12-16.17.55:025][  0]LogPackFactory: Copied "../../../Samples/StarterContent/Content/StarterContent/Textures/T_Water_N.uasset" to "E:/UnrealProjects/DemoLevel_Resistance/Content/StarterContent/Textures/T_Water_N.uasset"
[2015.12.12-16.17.55:153][  0]LogPackFactory: Copied "../../../Samples/StarterContent/Content/StarterContent/Textures/T_Wood_Floor_Walnut_D.uasset" to "E:/UnrealProjects/DemoLevel_Resistance/Content/StarterContent/Textures/T_Wood_Floor_Walnut_D.uasset"
[2015.12.12-16.17.55:258][  0]LogPackFactory: Copied "../../../Samples/StarterContent/Content/StarterContent/Textures/T_Wood_Floor_Walnut_M.uasset" to "E:/UnrealProjects/DemoLevel_Resistance/Content/StarterContent/Textures/T_Wood_Floor_Walnut_M.uasset"
[2015.12.12-16.17.55:362][  0]LogPackFactory: Copied "../../../Samples/StarterContent/Content/StarterContent/Textures/T_Wood_Floor_Walnut_N.uasset" to "E:/UnrealProjects/DemoLevel_Resistance/Content/StarterContent/Textures/T_Wood_Floor_Walnut_N.uasset"
[2015.12.12-16.17.55:534][  0]LogPackFactory: Copied "../../../Samples/StarterContent/Content/StarterContent/Textures/T_Wood_Oak_D.uasset" to "E:/UnrealProjects/DemoLevel_Resistance/Content/StarterContent/Textures/T_Wood_Oak_D.uasset"
[2015.12.12-16.17.55:704][  0]LogPackFactory: Copied "../../../Samples/StarterContent/Content/StarterContent/Textures/T_Wood_Oak_N.uasset" to "E:/UnrealProjects/DemoLevel_Resistance/Content/StarterContent/Textures/T_Wood_Oak_N.uasset"
[2015.12.12-16.17.55:879][  0]LogPackFactory: Copied "../../../Samples/StarterContent/Content/StarterContent/Textures/T_Wood_Pine_D.uasset" to "E:/UnrealProjects/DemoLevel_Resistance/Content/StarterContent/Textures/T_Wood_Pine_D.uasset"
[2015.12.12-16.17.55:935][  0]LogPackFactory: Copied "../../../Samples/StarterContent/Content/StarterContent/Textures/T_Wood_Pine_N.uasset" to "E:/UnrealProjects/DemoLevel_Resistance/Content/StarterContent/Textures/T_Wood_Pine_N.uasset"
[2015.12.12-16.17.56:080][  0]LogPackFactory: Copied "../../../Samples/StarterContent/Content/StarterContent/Textures/T_Wood_Walnut_D.uasset" to "E:/UnrealProjects/DemoLevel_Resistance/Content/StarterContent/Textures/T_Wood_Walnut_D.uasset"
[2015.12.12-16.17.56:238][  0]LogPackFactory: Copied "../../../Samples/StarterContent/Content/StarterContent/Textures/T_Wood_Walnut_N.uasset" to "E:/UnrealProjects/DemoLevel_Resistance/Content/StarterContent/Textures/T_Wood_Walnut_N.uasset"
[2015.12.12-16.17.58:483][  0]LogRenderer: Reallocating scene render targets to support 256x256 (Frame:2).
[2015.12.12-16.18.02:052][  0]Cmd: OBJ SAVEPACKAGE PACKAGE="/Game/StarterContent/Architecture/Floor_400x400" FILE="E:/UnrealProjects/DemoLevel_Resistance/Content/StarterContent/Architecture/Floor_400x400.uasset" SILENT=true
[2015.12.12-16.18.02:281][  0]LogSavePackage: Save=136.932510ms
[2015.12.12-16.18.02:282][  0]LogSavePackage: Moving 'E:/UnrealProjects/DemoLevel_Resistance/Saved/Floor_400x40040AACD4D4A1E4E5758671EA31EA93179.tmp' to 'E:/UnrealProjects/DemoLevel_Resistance/Content/StarterContent/Architecture/Floor_400x400.uasset'
[2015.12.12-16.18.02:347][  0]LogSavePackage: Total save time: 234.133530ms
[2015.12.12-16.18.02:347][  0]LogSavePackage:Display: Finished SavePackage E:/UnrealProjects/DemoLevel_Resistance/Content/StarterContent/Architecture/Floor_400x400.uasset
[2015.12.12-16.18.02:347][  0]LogFeaturePack:Warning: Inserted 1 feature packs
[2015.12.12-16.18.02:390][  0]Cmd: MAP LOAD FILE="E:/UnrealProjects/DemoLevel_Resistance/Content/ThirdPersonBP/Maps/ThirdPersonExampleMap.umap" TEMPLATE=0 SHOWPROGRESS=1 FEATURELEVEL=3
[2015.12.12-16.18.02:391][  0]LightingResults: New page: Lighting B